[0.015s] Invoking command in '/home/sicheen/robot_ws/build/my_bot': CMAKE_PREFIX_PATH=${CMAKE_PREFIX_PATH}:/home/sicheen/ros2_ws/install/robot_controller:/opt/ros/humble WSLENV=ELECTRON_RUN_AS_NODE/w: /usr/bin/cmake --build /home/sicheen/robot_ws/build/my_bot -- -j8 -l8
[0.041s] Invoked command in '/home/sicheen/robot_ws/build/my_bot' returned '0': CMAKE_PREFIX_PATH=${CMAKE_PREFIX_PATH}:/home/sicheen/ros2_ws/install/robot_controller:/opt/ros/humble WSLENV=ELECTRON_RUN_AS_NODE/w: /usr/bin/cmake --build /home/sicheen/robot_ws/build/my_bot -- -j8 -l8
[0.062s] Invoking command in '/home/sicheen/robot_ws/build/my_bot': CMAKE_PREFIX_PATH=${CMAKE_PREFIX_PATH}:/home/sicheen/ros2_ws/install/robot_controller:/opt/ros/humble WSLENV=ELECTRON_RUN_AS_NODE/w: /usr/bin/cmake --install /home/sicheen/robot_ws/build/my_bot
[0.067s] -- Install configuration: ""
[0.067s] -- Execute custom install script
[0.068s] -- Up-to-date symlink: /home/sicheen/robot_ws/install/my_bot/share/my_bot/config/empty.yaml
[0.068s] -- Up-to-date symlink: /home/sicheen/robot_ws/install/my_bot/share/my_bot/description/robot.urdf.xacro
[0.068s] -- Up-to-date symlink: /home/sicheen/robot_ws/install/my_bot/share/my_bot/description/robot_core.xacro
[0.068s] -- Up-to-date symlink: /home/sicheen/robot_ws/install/my_bot/share/my_bot/launch/rsp.launch.py
[0.068s] -- Up-to-date symlink: /home/sicheen/robot_ws/install/my_bot/share/my_bot/worlds/empty.world
[0.069s] -- Up-to-date symlink: /home/sicheen/robot_ws/install/my_bot/share/ament_index/resource_index/package_run_dependencies/my_bot
[0.069s] -- Up-to-date symlink: /home/sicheen/robot_ws/install/my_bot/share/ament_index/resource_index/parent_prefix_path/my_bot
[0.069s] -- Up-to-date symlink: /home/sicheen/robot_ws/install/my_bot/share/my_bot/environment/ament_prefix_path.sh
[0.069s] -- Up-to-date symlink: /home/sicheen/robot_ws/install/my_bot/share/my_bot/environment/ament_prefix_path.dsv
[0.069s] -- Up-to-date symlink: /home/sicheen/robot_ws/install/my_bot/share/my_bot/environment/path.sh
[0.069s] -- Up-to-date symlink: /home/sicheen/robot_ws/install/my_bot/share/my_bot/environment/path.dsv
[0.069s] -- Up-to-date symlink: /home/sicheen/robot_ws/install/my_bot/share/my_bot/local_setup.bash
[0.069s] -- Up-to-date symlink: /home/sicheen/robot_ws/install/my_bot/share/my_bot/local_setup.sh
[0.070s] -- Up-to-date symlink: /home/sicheen/robot_ws/install/my_bot/share/my_bot/local_setup.zsh
[0.070s] -- Up-to-date symlink: /home/sicheen/robot_ws/install/my_bot/share/my_bot/local_setup.dsv
[0.070s] -- Symlinking: /home/sicheen/robot_ws/install/my_bot/share/my_bot/package.dsv
[0.077s] -- Up-to-date symlink: /home/sicheen/robot_ws/install/my_bot/share/ament_index/resource_index/packages/my_bot
[0.077s] -- Up-to-date symlink: /home/sicheen/robot_ws/install/my_bot/share/my_bot/cmake/my_botConfig.cmake
[0.077s] -- Up-to-date symlink: /home/sicheen/robot_ws/install/my_bot/share/my_bot/cmake/my_botConfig-version.cmake
[0.077s] -- Up-to-date symlink: /home/sicheen/robot_ws/install/my_bot/share/my_bot/package.xml
[0.079s] Invoked command in '/home/sicheen/robot_ws/build/my_bot' returned '0': CMAKE_PREFIX_PATH=${CMAKE_PREFIX_PATH}:/home/sicheen/ros2_ws/install/robot_controller:/opt/ros/humble WSLENV=ELECTRON_RUN_AS_NODE/w: /usr/bin/cmake --install /home/sicheen/robot_ws/build/my_bot
