[0.017s] Invoking command in '/home/sicheen/robot_ws/build/my_bot': CMAKE_PREFIX_PATH=/home/sicheen/ros2_ws/install/robot_controller:/opt/ros/humble /usr/bin/cmake /home/sicheen/robot_ws/src/my_robot -DAMENT_CMAKE_SYMLINK_INSTALL=1 -DCMAKE_INSTALL_PREFIX=/home/sicheen/robot_ws/install/my_bot
[0.297s] -- The C compiler identification is GNU 11.4.0
[0.700s] -- The CXX compiler identification is GNU 11.4.0
[0.919s] -- Detecting C compiler ABI info
[1.039s] -- Detecting C compiler ABI info - done
[1.045s] -- Check for working C compiler: /usr/bin/cc - skipped
[1.045s] -- Detecting C compile features
[1.046s] -- Detecting C compile features - done
[1.051s] -- Detecting CXX compiler ABI info
[1.161s] -- Detecting CXX compiler ABI info - done
[1.168s] -- Check for working CXX compiler: /usr/bin/c++ - skipped
[1.168s] -- Detecting CXX compile features
[1.169s] -- Detecting CXX compile features - done
[1.178s] -- Found ament_cmake: 1.3.8 (/opt/ros/humble/share/ament_cmake/cmake)
[1.306s] -- Found Python3: /usr/bin/python3 (found version "3.10.12") found components: Interpreter 
[1.373s] -- Override CMake install command with custom implementation using symlinks instead of copying resources
[1.418s] -- Found ament_lint_auto: 0.12.10 (/opt/ros/humble/share/ament_lint_auto/cmake)
[1.496s] -- Added test 'copyright' to check source files copyright and LICENSE
[1.499s] -- Added test 'flake8' to check Python code syntax and style conventions
[1.500s] -- Added test 'lint_cmake' to check CMake code style
[1.501s] -- Added test 'pep257' to check Python code against some of the docstring style conventions in PEP 257
[1.504s] -- Added test 'xmllint' to check XML markup files
[1.506s] -- Configuring done
[1.508s] -- Generating done
[1.509s] -- Build files have been written to: /home/sicheen/robot_ws/build/my_bot
[1.514s] Invoked command in '/home/sicheen/robot_ws/build/my_bot' returned '0': CMAKE_PREFIX_PATH=/home/sicheen/ros2_ws/install/robot_controller:/opt/ros/humble /usr/bin/cmake /home/sicheen/robot_ws/src/my_robot -DAMENT_CMAKE_SYMLINK_INSTALL=1 -DCMAKE_INSTALL_PREFIX=/home/sicheen/robot_ws/install/my_bot
[1.514s] Invoking command in '/home/sicheen/robot_ws/build/my_bot': CMAKE_PREFIX_PATH=/home/sicheen/ros2_ws/install/robot_controller:/opt/ros/humble /usr/bin/cmake --build /home/sicheen/robot_ws/build/my_bot -- -j8 -l8
[1.538s] Invoked command in '/home/sicheen/robot_ws/build/my_bot' returned '0': CMAKE_PREFIX_PATH=/home/sicheen/ros2_ws/install/robot_controller:/opt/ros/humble /usr/bin/cmake --build /home/sicheen/robot_ws/build/my_bot -- -j8 -l8
[1.562s] Invoking command in '/home/sicheen/robot_ws/build/my_bot': CMAKE_PREFIX_PATH=/home/sicheen/ros2_ws/install/robot_controller:/opt/ros/humble /usr/bin/cmake --install /home/sicheen/robot_ws/build/my_bot
[1.566s] -- Install configuration: ""
[1.567s] -- Execute custom install script
[1.567s] -- Symlinking: /home/sicheen/robot_ws/install/my_bot/share/my_bot/config/empty.yaml
[1.573s] -- Symlinking: /home/sicheen/robot_ws/install/my_bot/share/my_bot/description/robot.urdf.xacro
[1.579s] -- Symlinking: /home/sicheen/robot_ws/install/my_bot/share/my_bot/launch/rsp.launch.py
[1.585s] -- Symlinking: /home/sicheen/robot_ws/install/my_bot/share/my_bot/worlds/empty.world
[1.590s] -- Symlinking: /home/sicheen/robot_ws/install/my_bot/share/ament_index/resource_index/package_run_dependencies/my_bot
[1.596s] -- Symlinking: /home/sicheen/robot_ws/install/my_bot/share/ament_index/resource_index/parent_prefix_path/my_bot
[1.601s] -- Symlinking: /home/sicheen/robot_ws/install/my_bot/share/my_bot/environment/ament_prefix_path.sh
[1.607s] -- Symlinking: /home/sicheen/robot_ws/install/my_bot/share/my_bot/environment/ament_prefix_path.dsv
[1.613s] -- Symlinking: /home/sicheen/robot_ws/install/my_bot/share/my_bot/environment/path.sh
[1.619s] -- Symlinking: /home/sicheen/robot_ws/install/my_bot/share/my_bot/environment/path.dsv
[1.625s] -- Symlinking: /home/sicheen/robot_ws/install/my_bot/share/my_bot/local_setup.bash
[1.630s] -- Symlinking: /home/sicheen/robot_ws/install/my_bot/share/my_bot/local_setup.sh
[1.636s] -- Symlinking: /home/sicheen/robot_ws/install/my_bot/share/my_bot/local_setup.zsh
[1.641s] -- Symlinking: /home/sicheen/robot_ws/install/my_bot/share/my_bot/local_setup.dsv
[1.647s] -- Symlinking: /home/sicheen/robot_ws/install/my_bot/share/my_bot/package.dsv
[1.652s] -- Symlinking: /home/sicheen/robot_ws/install/my_bot/share/ament_index/resource_index/packages/my_bot
[1.658s] -- Symlinking: /home/sicheen/robot_ws/install/my_bot/share/my_bot/cmake/my_botConfig.cmake
[1.663s] -- Symlinking: /home/sicheen/robot_ws/install/my_bot/share/my_bot/cmake/my_botConfig-version.cmake
[1.669s] -- Symlinking: /home/sicheen/robot_ws/install/my_bot/share/my_bot/package.xml
[1.675s] Invoked command in '/home/sicheen/robot_ws/build/my_bot' returned '0': CMAKE_PREFIX_PATH=/home/sicheen/ros2_ws/install/robot_controller:/opt/ros/humble /usr/bin/cmake --install /home/sicheen/robot_ws/build/my_bot
