[0.023s] Invoking command in '/home/sicheen/robot_ws/build/my_bot': CMAKE_PREFIX_PATH=${CMAKE_PREFIX_PATH}:/home/sicheen/ros2_ws/install/robot_controller:/opt/ros/humble /usr/bin/cmake --build /home/sicheen/robot_ws/build/my_bot -- -j8 -l8
[0.175s] -- Found ament_cmake: 1.3.8 (/opt/ros/humble/share/ament_cmake/cmake)
[0.360s] -- Override CMake install command with custom implementation using symlinks instead of copying resources
[0.394s] -- Found ament_lint_auto: 0.12.10 (/opt/ros/humble/share/ament_lint_auto/cmake)
[0.500s] -- Added test 'copyright' to check source files copyright and LICENSE
[0.504s] -- Added test 'flake8' to check Python code syntax and style conventions
[0.505s] -- Added test 'lint_cmake' to check CMake code style
[0.506s] -- Added test 'pep257' to check Python code against some of the docstring style conventions in PEP 257
[0.508s] -- Added test 'xmllint' to check XML markup files
[0.514s] -- Configuring done
[0.544s] -- Generating done
[0.544s] -- Build files have been written to: /home/sicheen/robot_ws/build/my_bot
[0.565s] Invoked command in '/home/sicheen/robot_ws/build/my_bot' returned '0': CMAKE_PREFIX_PATH=${CMAKE_PREFIX_PATH}:/home/sicheen/ros2_ws/install/robot_controller:/opt/ros/humble /usr/bin/cmake --build /home/sicheen/robot_ws/build/my_bot -- -j8 -l8
[0.590s] Invoking command in '/home/sicheen/robot_ws/build/my_bot': CMAKE_PREFIX_PATH=${CMAKE_PREFIX_PATH}:/home/sicheen/ros2_ws/install/robot_controller:/opt/ros/humble /usr/bin/cmake --install /home/sicheen/robot_ws/build/my_bot
[0.594s] -- Install configuration: ""
[0.595s] -- Execute custom install script
[0.595s] -- Up-to-date symlink: /home/sicheen/robot_ws/install/my_bot/share/my_bot/config/bot.rviz
[0.595s] -- Symlinking: /home/sicheen/robot_ws/install/my_bot/share/my_bot/config/drive_bot.rviz
[0.603s] -- Up-to-date symlink: /home/sicheen/robot_ws/install/my_bot/share/my_bot/config/empty.yaml
[0.603s] -- Up-to-date symlink: /home/sicheen/robot_ws/install/my_bot/share/my_bot/description/gazebo_control.xacro
[0.603s] -- Up-to-date symlink: /home/sicheen/robot_ws/install/my_bot/share/my_bot/description/inertial_macros.xacro
[0.603s] -- Symlinking: /home/sicheen/robot_ws/install/my_bot/share/my_bot/description/lidar.xacro
[0.611s] -- Up-to-date symlink: /home/sicheen/robot_ws/install/my_bot/share/my_bot/description/robot.urdf.xacro
[0.612s] -- Up-to-date symlink: /home/sicheen/robot_ws/install/my_bot/share/my_bot/description/robot_core.xacro
[0.612s] -- Up-to-date symlink: /home/sicheen/robot_ws/install/my_bot/share/my_bot/launch/launch_sim.launch.py
[0.612s] -- Up-to-date symlink: /home/sicheen/robot_ws/install/my_bot/share/my_bot/launch/rsp.launch.py
[0.612s] -- Up-to-date symlink: /home/sicheen/robot_ws/install/my_bot/share/my_bot/worlds/empty.world
[0.612s] -- Up-to-date symlink: /home/sicheen/robot_ws/install/my_bot/share/ament_index/resource_index/package_run_dependencies/my_bot
[0.612s] -- Up-to-date symlink: /home/sicheen/robot_ws/install/my_bot/share/ament_index/resource_index/parent_prefix_path/my_bot
[0.613s] -- Up-to-date symlink: /home/sicheen/robot_ws/install/my_bot/share/my_bot/environment/ament_prefix_path.sh
[0.613s] -- Up-to-date symlink: /home/sicheen/robot_ws/install/my_bot/share/my_bot/environment/ament_prefix_path.dsv
[0.613s] -- Up-to-date symlink: /home/sicheen/robot_ws/install/my_bot/share/my_bot/environment/path.sh
[0.613s] -- Up-to-date symlink: /home/sicheen/robot_ws/install/my_bot/share/my_bot/environment/path.dsv
[0.613s] -- Up-to-date symlink: /home/sicheen/robot_ws/install/my_bot/share/my_bot/local_setup.bash
[0.613s] -- Up-to-date symlink: /home/sicheen/robot_ws/install/my_bot/share/my_bot/local_setup.sh
[0.613s] -- Up-to-date symlink: /home/sicheen/robot_ws/install/my_bot/share/my_bot/local_setup.zsh
[0.613s] -- Up-to-date symlink: /home/sicheen/robot_ws/install/my_bot/share/my_bot/local_setup.dsv
[0.613s] -- Symlinking: /home/sicheen/robot_ws/install/my_bot/share/my_bot/package.dsv
[0.622s] -- Up-to-date symlink: /home/sicheen/robot_ws/install/my_bot/share/ament_index/resource_index/packages/my_bot
[0.622s] -- Up-to-date symlink: /home/sicheen/robot_ws/install/my_bot/share/my_bot/cmake/my_botConfig.cmake
[0.622s] -- Up-to-date symlink: /home/sicheen/robot_ws/install/my_bot/share/my_bot/cmake/my_botConfig-version.cmake
[0.622s] -- Up-to-date symlink: /home/sicheen/robot_ws/install/my_bot/share/my_bot/package.xml
[0.624s] Invoked command in '/home/sicheen/robot_ws/build/my_bot' returned '0': CMAKE_PREFIX_PATH=${CMAKE_PREFIX_PATH}:/home/sicheen/ros2_ws/install/robot_controller:/opt/ros/humble /usr/bin/cmake --install /home/sicheen/robot_ws/build/my_bot
