[0.030s] Invoking command in '/home/sicheen/robot_ws/build/my_bot': CMAKE_PREFIX_PATH=${CMAKE_PREFIX_PATH}:/home/sicheen/ros2_ws/install/robot_controller:/opt/ros/humble /usr/bin/cmake --build /home/sicheen/robot_ws/build/my_bot -- -j8 -l8
[0.215s] Invoked command in '/home/sicheen/robot_ws/build/my_bot' returned '0': CMAKE_PREFIX_PATH=${CMAKE_PREFIX_PATH}:/home/sicheen/ros2_ws/install/robot_controller:/opt/ros/humble /usr/bin/cmake --build /home/sicheen/robot_ws/build/my_bot -- -j8 -l8
[0.242s] Invoking command in '/home/sicheen/robot_ws/build/my_bot': CMAKE_PREFIX_PATH=${CMAKE_PREFIX_PATH}:/home/sicheen/ros2_ws/install/robot_controller:/opt/ros/humble /usr/bin/cmake --install /home/sicheen/robot_ws/build/my_bot
[0.249s] -- Install configuration: ""
[0.251s] -- Execute custom install script
[0.252s] -- Symlinking: /home/sicheen/robot_ws/install/my_bot/share/my_bot/config/bot.rviz
[0.259s] -- Up-to-date symlink: /home/sicheen/robot_ws/install/my_bot/share/my_bot/config/empty.yaml
[0.259s] -- Up-to-date symlink: /home/sicheen/robot_ws/install/my_bot/share/my_bot/description/inertial_macros.xacro
[0.259s] -- Up-to-date symlink: /home/sicheen/robot_ws/install/my_bot/share/my_bot/description/robot.urdf.xacro
[0.259s] -- Up-to-date symlink: /home/sicheen/robot_ws/install/my_bot/share/my_bot/description/robot_core.xacro
[0.259s] -- Symlinking: /home/sicheen/robot_ws/install/my_bot/share/my_bot/launch/launch_sim.launch.py
[0.267s] -- Up-to-date symlink: /home/sicheen/robot_ws/install/my_bot/share/my_bot/launch/rsp.launch.py
[0.268s] -- Up-to-date symlink: /home/sicheen/robot_ws/install/my_bot/share/my_bot/worlds/empty.world
[0.268s] -- Up-to-date symlink: /home/sicheen/robot_ws/install/my_bot/share/ament_index/resource_index/package_run_dependencies/my_bot
[0.268s] -- Up-to-date symlink: /home/sicheen/robot_ws/install/my_bot/share/ament_index/resource_index/parent_prefix_path/my_bot
[0.268s] -- Up-to-date symlink: /home/sicheen/robot_ws/install/my_bot/share/my_bot/environment/ament_prefix_path.sh
[0.268s] -- Up-to-date symlink: /home/sicheen/robot_ws/install/my_bot/share/my_bot/environment/ament_prefix_path.dsv
[0.268s] -- Up-to-date symlink: /home/sicheen/robot_ws/install/my_bot/share/my_bot/environment/path.sh
[0.269s] -- Up-to-date symlink: /home/sicheen/robot_ws/install/my_bot/share/my_bot/environment/path.dsv
[0.269s] -- Up-to-date symlink: /home/sicheen/robot_ws/install/my_bot/share/my_bot/local_setup.bash
[0.269s] -- Up-to-date symlink: /home/sicheen/robot_ws/install/my_bot/share/my_bot/local_setup.sh
[0.269s] -- Up-to-date symlink: /home/sicheen/robot_ws/install/my_bot/share/my_bot/local_setup.zsh
[0.270s] -- Up-to-date symlink: /home/sicheen/robot_ws/install/my_bot/share/my_bot/local_setup.dsv
[0.270s] -- Symlinking: /home/sicheen/robot_ws/install/my_bot/share/my_bot/package.dsv
[0.277s] -- Up-to-date symlink: /home/sicheen/robot_ws/install/my_bot/share/ament_index/resource_index/packages/my_bot
[0.278s] -- Up-to-date symlink: /home/sicheen/robot_ws/install/my_bot/share/my_bot/cmake/my_botConfig.cmake
[0.278s] -- Up-to-date symlink: /home/sicheen/robot_ws/install/my_bot/share/my_bot/cmake/my_botConfig-version.cmake
[0.278s] -- Up-to-date symlink: /home/sicheen/robot_ws/install/my_bot/share/my_bot/package.xml
[0.280s] Invoked command in '/home/sicheen/robot_ws/build/my_bot' returned '0': CMAKE_PREFIX_PATH=${CMAKE_PREFIX_PATH}:/home/sicheen/ros2_ws/install/robot_controller:/opt/ros/humble /usr/bin/cmake --install /home/sicheen/robot_ws/build/my_bot
